<?xml version="1.0" encoding="UTF-8"?>
<!-- Generated by org.testng.reporters.JUnitXMLReporter -->
<testsuite ignored="0" hostname="DESKTOP-S3K0L07" failures="0" tests="4" name="Default test" time="84.472" errors="0" timestamp="2024-03-13T19:19:57 IST">
  <testcase classname="test.SwagLabLoginTest" name="loginWirthPerformanceGlitchUser" time="13.283"/>
  <testcase classname="test.SwagLabLoginTest" name="loginWithInValidCredentials" time="4.049"/>
  <testcase classname="test.SwagLabLoginTest" name="loginWithLockedUser" time="2.088"/>
  <testcase classname="test.SwagLabLoginTest" name="loginWithValidCredentials" time="9.137"/>
</testsuite> <!-- Default test -->
