<?xml version="1.0" encoding="UTF-8"?>
<!-- Generated by org.testng.reporters.JUnitXMLReporter -->
<testsuite ignored="0" hostname="DESKTOP-S3K0L07" failures="0" tests="4" name="Test" time="14.459" errors="0" timestamp="2024-03-13T12:02:12 IST">
  <testcase classname="test.SwagLabLoginTest" name="@AfterMethod closebrowser" time="0.017">
    <failure type="java.lang.NullPointerException" message="Cannot invoke &amp;quot;com.aventstack.extentreports.ExtentTest.log(com.aventstack.extentreports.Status, String)&amp;quot; because &amp;quot;this.test&amp;quot; is null">
      <![CDATA[java.lang.NullPointerException: Cannot invoke "com.aventstack.extentreports.ExtentTest.log(com.aventstack.extentreports.Status, String)" because "this.test" is null
at test.SwagLabLoginTest.closebrowser(SwagLabLoginTest.java:82)
at java.base/java.util.ArrayList.forEach(ArrayList.java:1511)
... Removed 32 stack frames]]>
    </failure>
  </testcase> <!-- @AfterMethod closebrowser -->
  <testcase classname="test.SwagLabLoginTest" name="@BeforeMethod configure" time="0.0">
    <skipped/>
  </testcase> <!-- @BeforeMethod configure -->
  <testcase classname="test.SwagLabLoginTest" name="@BeforeMethod openBrowser" time="0.0">
    <skipped/>
  </testcase> <!-- @BeforeMethod openBrowser -->
  <testcase classname="test.SwagLabLoginTest" name="@AfterMethod closebrowser" time="0.0">
    <skipped/>
  </testcase> <!-- @AfterMethod closebrowser -->
  <testcase classname="test.SwagLabLoginTest" name="@BeforeMethod configure" time="0.0">
    <skipped/>
  </testcase> <!-- @BeforeMethod configure -->
  <testcase classname="test.SwagLabLoginTest" name="@BeforeMethod openBrowser" time="0.0">
    <skipped/>
  </testcase> <!-- @BeforeMethod openBrowser -->
  <testcase classname="test.SwagLabLoginTest" name="@AfterMethod closebrowser" time="0.0">
    <skipped/>
  </testcase> <!-- @AfterMethod closebrowser -->
  <testcase classname="test.SwagLabLoginTest" name="@BeforeMethod configure" time="0.0">
    <skipped/>
  </testcase> <!-- @BeforeMethod configure -->
  <testcase classname="test.SwagLabLoginTest" name="@BeforeMethod openBrowser" time="0.0">
    <skipped/>
  </testcase> <!-- @BeforeMethod openBrowser -->
  <testcase classname="test.SwagLabLoginTest" name="@AfterMethod closebrowser" time="0.0">
    <skipped/>
  </testcase> <!-- @AfterMethod closebrowser -->
  <testcase classname="test.SwagLabLoginTest" name="loginWirthLockedUser" time="3.021"/>
  <testcase classname="test.SwagLabLoginTest" name="loginWirthPerformanceGlitchUser" time="0.0">
    <skipped/>
  </testcase> <!-- loginWirthPerformanceGlitchUser -->
  <testcase classname="test.SwagLabLoginTest" name="loginWithInValidCredentials" time="0.001">
    <skipped/>
  </testcase> <!-- loginWithInValidCredentials -->
  <testcase classname="test.SwagLabLoginTest" name="loginWithValidCredentials" time="0.0">
    <skipped/>
  </testcase> <!-- loginWithValidCredentials -->
</testsuite> <!-- Test -->
