<?xml version="1.0" encoding="UTF-8"?>
<testng-results ignored="0" total="4" passed="4" failed="0" skipped="0">
  <reporter-output>
  </reporter-output>
  <suite started-at="2024-03-13T19:18:33 IST" name="Default suite" finished-at="2024-03-13T19:19:57 IST" duration-ms="84472">
    <groups>
    </groups>
    <test started-at="2024-03-13T19:18:33 IST" name="Default test" finished-at="2024-03-13T19:19:57 IST" duration-ms="84472">
      <class name="test.SwagLabLoginTest">
        <test-method is-config="true" signature="configure()[pri:0, instance:test.SwagLabLoginTest@3754a4bf]" started-at="2024-03-13T19:18:33 IST" name="configure" finished-at="2024-03-13T19:18:35 IST" duration-ms="2388" status="PASS">
          <reporter-output>
          </reporter-output>
        </test-method> <!-- configure -->
        <test-method is-config="true" signature="openBrowser()[pri:0, instance:test.SwagLabLoginTest@3754a4bf]" started-at="2024-03-13T19:18:35 IST" name="openBrowser" finished-at="2024-03-13T19:18:57 IST" duration-ms="21778" status="PASS">
          <reporter-output>
          </reporter-output>
        </test-method> <!-- openBrowser -->
        <test-method signature="loginWirthPerformanceGlitchUser()[pri:0, instance:test.SwagLabLoginTest@3754a4bf]" started-at="2024-03-13T19:18:57 IST" name="loginWirthPerformanceGlitchUser" finished-at="2024-03-13T19:19:11 IST" duration-ms="13283" status="PASS">
          <reporter-output>
          </reporter-output>
        </test-method> <!-- loginWirthPerformanceGlitchUser -->
        <test-method is-config="true" signature="closebrowser(org.testng.ITestResult)[pri:0, instance:test.SwagLabLoginTest@3754a4bf]" started-at="2024-03-13T19:19:11 IST" name="closebrowser" finished-at="2024-03-13T19:19:11 IST" duration-ms="56" status="PASS">
          <params>
            <param index="0">
              <value>
                <![CDATA[[TestResult name=loginWirthPerformanceGlitchUser status=SUCCESS method=SwagLabLoginTest.loginWirthPerformanceGlitchUser()[pri:0, instance:test.SwagLabLoginTest@3754a4bf] output={null}]]]>
              </value>
            </param>
          </params>
          <reporter-output>
          </reporter-output>
        </test-method> <!-- closebrowser -->
        <test-method is-config="true" signature="openBrowser()[pri:0, instance:test.SwagLabLoginTest@3754a4bf]" started-at="2024-03-13T19:19:11 IST" name="openBrowser" finished-at="2024-03-13T19:19:19 IST" duration-ms="8692" status="PASS">
          <reporter-output>
          </reporter-output>
        </test-method> <!-- openBrowser -->
        <test-method signature="loginWithInValidCredentials()[pri:0, instance:test.SwagLabLoginTest@3754a4bf]" started-at="2024-03-13T19:19:19 IST" name="loginWithInValidCredentials" finished-at="2024-03-13T19:19:23 IST" duration-ms="4049" status="PASS">
          <reporter-output>
          </reporter-output>
        </test-method> <!-- loginWithInValidCredentials -->
        <test-method is-config="true" signature="closebrowser(org.testng.ITestResult)[pri:0, instance:test.SwagLabLoginTest@3754a4bf]" started-at="2024-03-13T19:19:23 IST" name="closebrowser" finished-at="2024-03-13T19:19:23 IST" duration-ms="3" status="PASS">
          <params>
            <param index="0">
              <value>
                <![CDATA[[TestResult name=loginWithInValidCredentials status=SUCCESS method=SwagLabLoginTest.loginWithInValidCredentials()[pri:0, instance:test.SwagLabLoginTest@3754a4bf] output={null}]]]>
              </value>
            </param>
          </params>
          <reporter-output>
          </reporter-output>
        </test-method> <!-- closebrowser -->
        <test-method is-config="true" signature="openBrowser()[pri:0, instance:test.SwagLabLoginTest@3754a4bf]" started-at="2024-03-13T19:19:23 IST" name="openBrowser" finished-at="2024-03-13T19:19:31 IST" duration-ms="7863" status="PASS">
          <reporter-output>
          </reporter-output>
        </test-method> <!-- openBrowser -->
        <test-method signature="loginWithLockedUser()[pri:0, instance:test.SwagLabLoginTest@3754a4bf]" started-at="2024-03-13T19:19:31 IST" name="loginWithLockedUser" finished-at="2024-03-13T19:19:33 IST" duration-ms="2088" status="PASS">
          <reporter-output>
          </reporter-output>
        </test-method> <!-- loginWithLockedUser -->
        <test-method is-config="true" signature="closebrowser(org.testng.ITestResult)[pri:0, instance:test.SwagLabLoginTest@3754a4bf]" started-at="2024-03-13T19:19:33 IST" name="closebrowser" finished-at="2024-03-13T19:19:33 IST" duration-ms="12" status="PASS">
          <params>
            <param index="0">
              <value>
                <![CDATA[[TestResult name=loginWithLockedUser status=SUCCESS method=SwagLabLoginTest.loginWithLockedUser()[pri:0, instance:test.SwagLabLoginTest@3754a4bf] output={null}]]]>
              </value>
            </param>
          </params>
          <reporter-output>
          </reporter-output>
        </test-method> <!-- closebrowser -->
        <test-method is-config="true" signature="openBrowser()[pri:0, instance:test.SwagLabLoginTest@3754a4bf]" started-at="2024-03-13T19:19:33 IST" name="openBrowser" finished-at="2024-03-13T19:19:44 IST" duration-ms="10874" status="PASS">
          <reporter-output>
          </reporter-output>
        </test-method> <!-- openBrowser -->
        <test-method signature="loginWithValidCredentials()[pri:0, instance:test.SwagLabLoginTest@3754a4bf]" started-at="2024-03-13T19:19:44 IST" name="loginWithValidCredentials" finished-at="2024-03-13T19:19:53 IST" duration-ms="9137" status="PASS">
          <reporter-output>
          </reporter-output>
        </test-method> <!-- loginWithValidCredentials -->
        <test-method is-config="true" signature="closebrowser(org.testng.ITestResult)[pri:0, instance:test.SwagLabLoginTest@3754a4bf]" started-at="2024-03-13T19:19:53 IST" name="closebrowser" finished-at="2024-03-13T19:19:53 IST" duration-ms="4" status="PASS">
          <params>
            <param index="0">
              <value>
                <![CDATA[[TestResult name=loginWithValidCredentials status=SUCCESS method=SwagLabLoginTest.loginWithValidCredentials()[pri:0, instance:test.SwagLabLoginTest@3754a4bf] output={null}]]]>
              </value>
            </param>
          </params>
          <reporter-output>
          </reporter-output>
        </test-method> <!-- closebrowser -->
        <test-method is-config="true" signature="publishReport()[pri:0, instance:test.SwagLabLoginTest@3754a4bf]" started-at="2024-03-13T19:19:53 IST" name="publishReport" finished-at="2024-03-13T19:19:57 IST" duration-ms="3847" status="PASS">
          <reporter-output>
          </reporter-output>
        </test-method> <!-- publishReport -->
      </class> <!-- test.SwagLabLoginTest -->
    </test> <!-- Default test -->
  </suite> <!-- Default suite -->
</testng-results>
